This is pdfTeX, Version 3.141592653-2.6-1.40.26 (MiKTeX 24.4) (preloaded format=pdflatex 2024.10.9)  29 JUL 2025 18:26
entering extended mode
 restricted \write18 enabled.
 %&-line parsing enabled.
**./main(postISEF1-shortForPub).tex
(main(postISEF1-shortForPub).tex
LaTeX2e <2024-06-01> patch level 2
L3 programming layer <2024-08-30>
(SelfArx.cls
Document Class: SelfArx 22/10/2020, v2.2
(C:\Users\Owner\AppData\Local\Programs\MiKTeX\tex/latex/base\article.cls
Document Class: article 2024/02/08 v1.4n Standard LaTeX document class
(C:\Users\Owner\AppData\Local\Programs\MiKTeX\tex/latex/base\fleqn.clo
File: fleqn.clo 2016/12/29 v1.2b Standard LaTeX option (flush left equations)
\mathindent=\skip49
Applying: [2015/01/01] Make \[ robust on input line 50.
LaTeX Info: Redefining \[ on input line 51.
Already applied: [0000/00/00] Make \[ robust on input line 62.
Applying: [2015/01/01] Make \] robust on input line 74.
LaTeX Info: Redefining \] on input line 75.
Already applied: [0000/00/00] Make \] robust on input line 83.
)
(C:\Users\Owner\AppData\Local\Programs\MiKTeX\tex/latex/base\size10.clo
File: size10.clo 2024/02/08 v1.4n Standard LaTeX file (size option)
)
\c@part=\count194
\c@section=\count195
\c@subsection=\count196
\c@subsubsection=\count197
\c@paragraph=\count198
\c@subparagraph=\count199
\c@figure=\count266
\c@table=\count267
\abovecaptionskip=\skip50
\belowcaptionskip=\skip51
\bibindent=\dimen141
)
(C:\Users\Owner\AppData\Local\Programs\MiKTeX\tex/latex/base\ifthen.sty
Package: ifthen 2024/03/16 v1.1e Standard LaTeX ifthen package (DPC)
)
(C:\Users\Owner\AppData\Local\Programs\MiKTeX\tex/latex/tools\calc.sty
Package: calc 2023/07/08 v4.3 Infix arithmetic (KKT,FJ)
\calc@Acount=\count268
\calc@Bcount=\count269
\calc@Adimen=\dimen142
\calc@Bdimen=\dimen143
\calc@Askip=\skip52
\calc@Bskip=\skip53
LaTeX Info: Redefining \setlength on input line 80.
LaTeX Info: Redefining \addtolength on input line 81.
\calc@Ccount=\count270
\calc@Cskip=\skip54
)
(C:\Users\Owner\AppData\Local\Programs\MiKTeX\tex/latex/amsmath\amsmath.sty
Package: amsmath 2024/05/23 v2.17q AMS math features
\@mathmargin=\skip55

For additional information on amsmath, use the `?' option.
(C:\Users\Owner\AppData\Local\Programs\MiKTeX\tex/latex/amsmath\amstext.sty
Package: amstext 2021/08/26 v2.01 AMS text

(C:\Users\Owner\AppData\Local\Programs\MiKTeX\tex/latex/amsmath\amsgen.sty
File: amsgen.sty 1999/11/30 v2.0 generic functions
\@emptytoks=\toks17
\ex@=\dimen144
))
(C:\Users\Owner\AppData\Local\Programs\MiKTeX\tex/latex/amsmath\amsbsy.sty
Package: amsbsy 1999/11/29 v1.2d Bold Symbols
\pmbraise@=\dimen145
)
(C:\Users\Owner\AppData\Local\Programs\MiKTeX\tex/latex/amsmath\amsopn.sty
Package: amsopn 2022/04/08 v2.04 operator names
)
\inf@bad=\count271
LaTeX Info: Redefining \frac on input line 233.
\uproot@=\count272
\leftroot@=\count273
LaTeX Info: Redefining \overline on input line 398.
LaTeX Info: Redefining \colon on input line 409.
\classnum@=\count274
\DOTSCASE@=\count275
LaTeX Info: Redefining \ldots on input line 495.
LaTeX Info: Redefining \dots on input line 498.
LaTeX Info: Redefining \cdots on input line 619.
\Mathstrutbox@=\box52
\strutbox@=\box53
LaTeX Info: Redefining \big on input line 721.
LaTeX Info: Redefining \Big on input line 722.
LaTeX Info: Redefining \bigg on input line 723.
LaTeX Info: Redefining \Bigg on input line 724.
\big@size=\dimen146
LaTeX Font Info:    Redeclaring font encoding OML on input line 742.
LaTeX Font Info:    Redeclaring font encoding OMS on input line 743.
\macc@depth=\count276
LaTeX Info: Redefining \bmod on input line 904.
LaTeX Info: Redefining \pmod on input line 909.
LaTeX Info: Redefining \smash on input line 939.
LaTeX Info: Redefining \relbar on input line 969.
LaTeX Info: Redefining \Relbar on input line 970.
\c@MaxMatrixCols=\count277
\dotsspace@=\muskip17
\c@parentequation=\count278
\dspbrk@lvl=\count279
\tag@help=\toks18
\row@=\count280
\column@=\count281
\maxfields@=\count282
\andhelp@=\toks19
\eqnshift@=\dimen147
\alignsep@=\dimen148
\tagshift@=\dimen149
\tagwidth@=\dimen150
\totwidth@=\dimen151
\lineht@=\dimen152
\@envbody=\toks20
\multlinegap=\skip56
\multlinetaggap=\skip57
\mathdisplay@stack=\toks21
LaTeX Info: Redefining \[ on input line 2953.
LaTeX Info: Redefining \] on input line 2954.
)
(C:\Users\Owner\AppData\Local\Programs\MiKTeX\tex/latex/amsfonts\amsfonts.sty
Package: amsfonts 2013/01/14 v3.01 Basic AMSFonts support
\symAMSa=\mathgroup4
\symAMSb=\mathgroup5
LaTeX Font Info:    Redeclaring math symbol \hbar on input line 98.
LaTeX Font Info:    Overwriting math alphabet `\mathfrak' in version `bold'
(Font)                  U/euf/m/n --> U/euf/b/n on input line 106.
)
(C:\Users\Owner\AppData\Local\Programs\MiKTeX\tex/latex/amsfonts\amssymb.sty
Package: amssymb 2013/01/14 v3.01 AMS font symbols
)
(C:\Users\Owner\AppData\Local\Programs\MiKTeX\tex/latex/graphics\graphicx.sty
Package: graphicx 2021/09/16 v1.2d Enhanced LaTeX Graphics (DPC,SPQR)

(C:\Users\Owner\AppData\Local\Programs\MiKTeX\tex/latex/graphics\keyval.sty
Package: keyval 2022/05/29 v1.15 key=value parser (DPC)
\KV@toks@=\toks22
)
(C:\Users\Owner\AppData\Local\Programs\MiKTeX\tex/latex/graphics\graphics.sty
Package: graphics 2024/05/23 v1.4g Standard LaTeX Graphics (DPC,SPQR)

(C:\Users\Owner\AppData\Local\Programs\MiKTeX\tex/latex/graphics\trig.sty
Package: trig 2023/12/02 v1.11 sin cos tan (DPC)
)
(C:\Users\Owner\AppData\Local\Programs\MiKTeX\tex/latex/graphics-cfg\graphics.c
fg
File: graphics.cfg 2016/06/04 v1.11 sample graphics configuration
)
Package graphics Info: Driver file: pdftex.def on input line 106.

(C:\Users\Owner\AppData\Local\Programs\MiKTeX\tex/latex/graphics-def\pdftex.def
File: pdftex.def 2024/04/13 v1.2c Graphics/color driver for pdftex
))
\Gin@req@height=\dimen153
\Gin@req@width=\dimen154
) (C:\Users\Owner\AppData\Local\Programs\MiKTeX\tex/latex/xcolor\xcolor.sty
Package: xcolor 2023/11/15 v3.01 LaTeX color extensions (UK)

(C:\Users\Owner\AppData\Local\Programs\MiKTeX\tex/latex/graphics-cfg\color.cfg
File: color.cfg 2016/01/02 v1.6 sample color configuration
)
Package xcolor Info: Driver file: pdftex.def on input line 274.
(C:\Users\Owner\AppData\Local\Programs\MiKTeX\tex/latex/graphics\mathcolor.ltx)
Package xcolor Info: Model `cmy' substituted by `cmy0' on input line 1350.
Package xcolor Info: Model `hsb' substituted by `rgb' on input line 1354.
Package xcolor Info: Model `RGB' extended on input line 1366.
Package xcolor Info: Model `HTML' substituted by `rgb' on input line 1368.
Package xcolor Info: Model `Hsb' substituted by `hsb' on input line 1369.
Package xcolor Info: Model `tHsb' substituted by `hsb' on input line 1370.
Package xcolor Info: Model `HSB' substituted by `hsb' on input line 1371.
Package xcolor Info: Model `Gray' substituted by `gray' on input line 1372.
Package xcolor Info: Model `wave' substituted by `hsb' on input line 1373.
) (C:\Users\Owner\AppData\Local\Programs\MiKTeX\tex/latex/booktabs\booktabs.sty
Package: booktabs 2020/01/12 v1.61803398 Publication quality tables
\heavyrulewidth=\dimen155
\lightrulewidth=\dimen156
\cmidrulewidth=\dimen157
\belowrulesep=\dimen158
\belowbottomsep=\dimen159
\aboverulesep=\dimen160
\abovetopsep=\dimen161
\cmidrulesep=\dimen162
\cmidrulekern=\dimen163
\defaultaddspace=\dimen164
\@cmidla=\count283
\@cmidlb=\count284
\@aboverulesep=\dimen165
\@belowrulesep=\dimen166
\@thisruleclass=\count285
\@lastruleclass=\count286
\@thisrulewidth=\dimen167
) (C:\Users\Owner\AppData\Local\Programs\MiKTeX\tex/latex/lastpage\lastpage.sty
Package: lastpage 2024/07/07 v2.1c lastpage: 2.09 or 2e? (HMM)

(C:\Users\Owner\AppData\Local\Programs\MiKTeX\tex/latex/lastpage\lastpage2e.sty
Package: lastpage2e 2024/07/07 v2.1c Decide which 2e lastpage version to use (H
MM)

(C:\Users\Owner\AppData\Local\Programs\MiKTeX\tex/latex/lastpage\lastpagemodern
.sty
Package: lastpagemodern 2024-07-07 v2.1c Refers to last page's name (HMM; JPG)
\c@lastpagecount=\count287
) 
)) (C:\Users\Owner\AppData\Local\Programs\MiKTeX\tex/latex/base\inputenc.sty
Package: inputenc 2024/02/08 v1.3d Input encoding file
\inpenc@prehook=\toks23
\inpenc@posthook=\toks24
)
(C:\Users\Owner\AppData\Local\Programs\MiKTeX\tex/latex/psnfss\times.sty
Package: times 2020/03/25 PSNFSS-v9.3 (SPQR) 
)
(C:\Users\Owner\AppData\Local\Programs\MiKTeX\tex/latex/psnfss\mathptmx.sty
Package: mathptmx 2020/03/25 PSNFSS-v9.3 Times w/ Math, improved (SPQR, WaS) 
LaTeX Font Info:    Redeclaring symbol font `operators' on input line 28.
LaTeX Font Info:    Overwriting symbol font `operators' in version `normal'
(Font)                  OT1/cmr/m/n --> OT1/ztmcm/m/n on input line 28.
LaTeX Font Info:    Overwriting symbol font `operators' in version `bold'
(Font)                  OT1/cmr/bx/n --> OT1/ztmcm/m/n on input line 28.
LaTeX Font Info:    Redeclaring symbol font `letters' on input line 29.
LaTeX Font Info:    Overwriting symbol font `letters' in version `normal'
(Font)                  OML/cmm/m/it --> OML/ztmcm/m/it on input line 29.
LaTeX Font Info:    Overwriting symbol font `letters' in version `bold'
(Font)                  OML/cmm/b/it --> OML/ztmcm/m/it on input line 29.
LaTeX Font Info:    Redeclaring symbol font `symbols' on input line 30.
LaTeX Font Info:    Overwriting symbol font `symbols' in version `normal'
(Font)                  OMS/cmsy/m/n --> OMS/ztmcm/m/n on input line 30.
LaTeX Font Info:    Overwriting symbol font `symbols' in version `bold'
(Font)                  OMS/cmsy/b/n --> OMS/ztmcm/m/n on input line 30.
LaTeX Font Info:    Redeclaring symbol font `largesymbols' on input line 31.
LaTeX Font Info:    Overwriting symbol font `largesymbols' in version `normal'
(Font)                  OMX/cmex/m/n --> OMX/ztmcm/m/n on input line 31.
LaTeX Font Info:    Overwriting symbol font `largesymbols' in version `bold'
(Font)                  OMX/cmex/m/n --> OMX/ztmcm/m/n on input line 31.
\symbold=\mathgroup6
\symitalic=\mathgroup7
LaTeX Font Info:    Redeclaring math alphabet \mathbf on input line 34.
LaTeX Font Info:    Overwriting math alphabet `\mathbf' in version `normal'
(Font)                  OT1/cmr/bx/n --> OT1/ptm/bx/n on input line 34.
LaTeX Font Info:    Overwriting math alphabet `\mathbf' in version `bold'
(Font)                  OT1/cmr/bx/n --> OT1/ptm/bx/n on input line 34.
LaTeX Font Info:    Redeclaring math alphabet \mathit on input line 35.
LaTeX Font Info:    Overwriting math alphabet `\mathit' in version `normal'
(Font)                  OT1/cmr/m/it --> OT1/ptm/m/it on input line 35.
LaTeX Font Info:    Overwriting math alphabet `\mathit' in version `bold'
(Font)                  OT1/cmr/bx/it --> OT1/ptm/m/it on input line 35.
LaTeX Info: Redefining \hbar on input line 50.
)
(C:\Users\Owner\AppData\Local\Programs\MiKTeX\tex/latex/geometry\geometry.sty
Package: geometry 2020/01/02 v5.9 Page Geometry

(C:\Users\Owner\AppData\Local\Programs\MiKTeX\tex/generic/iftex\ifvtex.sty
Package: ifvtex 2019/10/25 v1.7 ifvtex legacy package. Use iftex instead.

(C:\Users\Owner\AppData\Local\Programs\MiKTeX\tex/generic/iftex\iftex.sty
Package: iftex 2022/02/03 v1.0f TeX engine tests
))
\Gm@cnth=\count288
\Gm@cntv=\count289
\c@Gm@tempcnt=\count290
\Gm@bindingoffset=\dimen168
\Gm@wd@mp=\dimen169
\Gm@odd@mp=\dimen170
\Gm@even@mp=\dimen171
\Gm@layoutwidth=\dimen172
\Gm@layoutheight=\dimen173
\Gm@layouthoffset=\dimen174
\Gm@layoutvoffset=\dimen175
\Gm@dimlist=\toks25

(C:\Users\Owner\AppData\Local\Programs\MiKTeX\tex/latex/geometry\geometry.cfg))
(C:\Users\Owner\AppData\Local\Programs\MiKTeX\tex/latex/caption\caption.sty
Package: caption 2023/08/05 v3.6o Customizing captions (AR)

(C:\Users\Owner\AppData\Local\Programs\MiKTeX\tex/latex/caption\caption3.sty
Package: caption3 2023/07/31 v2.4d caption3 kernel (AR)
\caption@tempdima=\dimen176
\captionmargin=\dimen177
\caption@leftmargin=\dimen178
\caption@rightmargin=\dimen179
\caption@width=\dimen180
\caption@indent=\dimen181
\caption@parindent=\dimen182
\caption@hangindent=\dimen183
Package caption Info: Standard document class detected.
)
\c@caption@flags=\count291
\c@continuedfloat=\count292
)
(C:\Users\Owner\AppData\Local\Programs\MiKTeX\tex/latex/fancyhdr\fancyhdr.sty
Package: fancyhdr 2024/07/23 v4.3.1 Extensive control of page headers and foote
rs
\f@nch@headwidth=\skip58
\f@nch@O@elh=\skip59
\f@nch@O@erh=\skip60
\f@nch@O@olh=\skip61
\f@nch@O@orh=\skip62
\f@nch@O@elf=\skip63
\f@nch@O@erf=\skip64
\f@nch@O@olf=\skip65
\f@nch@O@orf=\skip66
)
(C:\Users\Owner\AppData\Local\Programs\MiKTeX\tex/latex/titlesec\titlesec.sty
Package: titlesec 2023/10/27 v2.16 Sectioning titles
\ttl@box=\box54
\beforetitleunit=\skip67
\aftertitleunit=\skip68
\ttl@plus=\dimen184
\ttl@minus=\dimen185
\ttl@toksa=\toks26
\titlewidth=\dimen186
\titlewidthlast=\dimen187
\titlewidthfirst=\dimen188
)
\tocsep=\skip69

(C:\Users\Owner\AppData\Local\Programs\MiKTeX\tex/latex/titlesec\titletoc.sty
Package: titletoc 2023/10/27 v2.16 TOC entries
\ttl@leftsep=\dimen189
)
\@authcnt=\count293
\@tmpcnt=\count294

(C:\Users\Owner\AppData\Local\Programs\MiKTeX\tex/latex/enumitem\enumitem.sty
Package: enumitem 2019/06/20 v3.9 Customized lists
\labelindent=\skip70
\enit@outerparindent=\dimen190
\enit@toks=\toks27
\enit@inbox=\box55
\enit@count@id=\count295
\enitdp@description=\count296
))
(C:\Users\Owner\AppData\Local\Programs\MiKTeX\tex/latex/microtype\microtype.sty
Package: microtype 2024/03/29 v3.1b Micro-typographical refinements (RS)
(C:\Users\Owner\AppData\Local\Programs\MiKTeX\tex/latex/etoolbox\etoolbox.sty
Package: etoolbox 2020/10/05 v2.5k e-TeX tools for LaTeX (JAW)
\etb@tempcnta=\count297
)
\MT@toks=\toks28
\MT@tempbox=\box56
\MT@count=\count298
LaTeX Info: Redefining \noprotrusionifhmode on input line 1061.
LaTeX Info: Redefining \leftprotrusion on input line 1062.
\MT@prot@toks=\toks29
LaTeX Info: Redefining \rightprotrusion on input line 1081.
LaTeX Info: Redefining \textls on input line 1392.
\MT@outer@kern=\dimen191
LaTeX Info: Redefining \textmicrotypecontext on input line 2013.
\MT@listname@count=\count299

(C:\Users\Owner\AppData\Local\Programs\MiKTeX\tex/latex/microtype\microtype-pdf
tex.def
File: microtype-pdftex.def 2024/03/29 v3.1b Definitions specific to pdftex (RS)

LaTeX Info: Redefining \lsstyle on input line 902.
LaTeX Info: Redefining \lslig on input line 902.
\MT@outer@space=\skip71
)
Package microtype Info: Loading configuration file microtype.cfg.

(C:\Users\Owner\AppData\Local\Programs\MiKTeX\tex/latex/microtype\microtype.cfg
File: microtype.cfg 2024/03/29 v3.1b microtype main configuration file (RS)
)) (C:\Users\Owner\AppData\Local\Programs\MiKTeX\tex/generic/babel\babel.sty
Package: babel 2024/08/29 v24.9 The Babel package
\babel@savecnt=\count300
\U@D=\dimen192
\l@unhyphenated=\language79

(C:\Users\Owner\AppData\Local\Programs\MiKTeX\tex/generic/babel\txtbabel.def)
\bbl@readstream=\read2
\bbl@dirlevel=\count301

*************************************
* Local config file bblopts.cfg used
*
(C:\Users\Owner\AppData\Local\Programs\MiKTeX\tex/latex/arabi\bblopts.cfg
File: bblopts.cfg 2005/09/08 v0.1 add Arabic and Farsi to "declared" options of
 babel
)
(C:\Users\Owner\AppData\Local\Programs\MiKTeX\tex/latex/babel-english\english.l
df
Language: english 2017/06/06 v3.3r English support from the babel system
Package babel Info: Hyphen rules for 'canadian' set to \l@english
(babel)             (\language0). Reported on input line 102.
Package babel Info: Hyphen rules for 'australian' set to \l@ukenglish
(babel)             (\language73). Reported on input line 105.
Package babel Info: Hyphen rules for 'newzealand' set to \l@ukenglish
(babel)             (\language73). Reported on input line 108.
))
(C:\Users\Owner\AppData\Local\Programs\MiKTeX\tex/generic/babel/locale/en\babel
-english.tex
Package babel Info: Importing font and identification data for english
(babel)             from babel-en.ini. Reported on input line 11.
)
(C:\Users\Owner\AppData\Local\Programs\MiKTeX\tex/latex/lipsum\lipsum.sty
(C:\Users\Owner\AppData\Local\Programs\MiKTeX\tex/latex/l3packages/l3keys2e\l3k
eys2e.sty
(C:\Users\Owner\AppData\Local\Programs\MiKTeX\tex/latex/l3kernel\expl3.sty
Package: expl3 2024-08-30 L3 programming layer (loader) 

(C:\Users\Owner\AppData\Local\Programs\MiKTeX\tex/latex/l3backend\l3backend-pdf
tex.def
File: l3backend-pdftex.def 2024-05-08 L3 backend support: PDF output (pdfTeX)
\l__color_backend_stack_int=\count302
\l__pdf_internal_box=\box57
))
Package: l3keys2e 2024-08-16 LaTeX2e option processing using LaTeX3 keys
)
Package: lipsum 2021-09-20 v2.7 150 paragraphs of Lorem Ipsum dummy text
\g__lipsum_par_int=\count303
\l__lipsum_a_int=\count304
\l__lipsum_b_int=\count305

(C:\Users\Owner\AppData\Local\Programs\MiKTeX\tex/latex/lipsum\lipsum.ltd.tex))

(C:\Users\Owner\AppData\Local\Programs\MiKTeX\tex/latex/glossaries/base\glossar
ies.sty
Package: glossaries 2024/11/01 v4.55 (NLCT)

(C:\Users\Owner\AppData\Local\Programs\MiKTeX\tex/latex/xkeyval\xkeyval.sty
Package: xkeyval 2022/06/16 v2.9 package option processing (HA)

(C:\Users\Owner\AppData\Local\Programs\MiKTeX\tex/generic/xkeyval\xkeyval.tex
(C:\Users\Owner\AppData\Local\Programs\MiKTeX\tex/generic/xkeyval\xkvutils.tex
\XKV@toks=\toks30
\XKV@tempa@toks=\toks31
)
\XKV@depth=\count306
File: xkeyval.tex 2014/12/03 v2.7a key=value parser (HA)
))
(C:\Users\Owner\AppData\Local\Programs\MiKTeX\tex/latex/mfirstuc\mfirstuc.sty
Package: mfirstuc 2022/10/14 v2.08 (NLCT)
\@glsmfirst=\toks32
\@glsmrest=\toks33
)
(C:\Users\Owner\AppData\Local\Programs\MiKTeX\tex/latex/xfor\xfor.sty
Package: xfor 2009/02/05 v1.05 (NLCT)
)
(C:\Users\Owner\AppData\Local\Programs\MiKTeX\tex/latex/tracklang\tracklang.sty
Package: tracklang 2022/12/13 v1.6.1 (NLCT) Track Languages

(C:\Users\Owner\AppData\Local\Programs\MiKTeX\tex/generic/tracklang\tracklang.t
ex))
(C:\Users\Owner\AppData\Local\Programs\MiKTeX\tex/latex/translator\translator.s
ty
Package: translator 2021-05-31 v1.12d Easy translation of strings in LaTeX
)
(C:\Users\Owner\AppData\Local\Programs\MiKTeX\tex/latex/glossaries-english\glos
saries-english.ldf
File: glossaries-english.ldf 2014/11/23 v1.0
)
(C:\Users\Owner\AppData\Local\Programs\MiKTeX\tex/latex/datatool\datatool-base.
sty
Package: datatool-base 2019/09/27 v2.32 (NLCT)
 (C:\Users\Owner\AppData\Local\Programs\MiKTeX\tex/latex/substr\substr.sty
Package: substr 2009/10/20 v1.2 Handle substrings
\c@su@anzahl=\count307
)
(C:\Users\Owner\AppData\Local\Programs\MiKTeX\tex/latex/datatool\datatool-fp.st
y
Package: datatool-fp 2019/09/27 v2.32 (NLCT)
 (C:\Users\Owner\AppData\Local\Programs\MiKTeX\tex/latex/fp\fp.sty
Package: fp 1995/04/02

`Fixed Point Package', Version 0.8, April 2, 1995 (C) Michael Mehlich
(C:\Users\Owner\AppData\Local\Programs\MiKTeX\tex/latex/fp\defpattern.sty
Package: defpattern 1994/10/12
\actioncount=\count308
)
(C:\Users\Owner\AppData\Local\Programs\MiKTeX\tex/latex/fp\fp-basic.sty
Package: fp-basic 1996/05/13
\FP@xs=\count309
\FP@xia=\count310
\FP@xib=\count311
\FP@xfa=\count312
\FP@xfb=\count313
\FP@rega=\count314
\FP@regb=\count315
\FP@regs=\count316
\FP@times=\count317
)
(C:\Users\Owner\AppData\Local\Programs\MiKTeX\tex/latex/fp\fp-addons.sty
Package: fp-addons 1995/03/15
)
(C:\Users\Owner\AppData\Local\Programs\MiKTeX\tex/latex/fp\fp-snap.sty
Package: fp-snap 1995/04/05
)
(C:\Users\Owner\AppData\Local\Programs\MiKTeX\tex/latex/fp\fp-exp.sty
Package: fp-exp 1995/04/03
)
(C:\Users\Owner\AppData\Local\Programs\MiKTeX\tex/latex/fp\fp-trigo.sty
Package: fp-trigo 1995/04/14
)
(C:\Users\Owner\AppData\Local\Programs\MiKTeX\tex/latex/fp\fp-pas.sty
Package: fp-pas 1994/08/29
)
(C:\Users\Owner\AppData\Local\Programs\MiKTeX\tex/latex/fp\fp-random.sty
Package: fp-random 1995/02/23
\FPseed=\count318
)
(C:\Users\Owner\AppData\Local\Programs\MiKTeX\tex/latex/fp\fp-eqn.sty
Package: fp-eqn 1995/04/03
)
(C:\Users\Owner\AppData\Local\Programs\MiKTeX\tex/latex/fp\fp-upn.sty
Package: fp-upn 1996/10/21
)
(C:\Users\Owner\AppData\Local\Programs\MiKTeX\tex/latex/fp\fp-eval.sty
Package: fp-eval 1995/04/03
)))
\@dtl@toks=\toks34
\@dtl@tmpcount=\count319
\dtl@tmplength=\skip72
\dtl@sortresult=\count320
\@dtl@numgrpsepcount=\count321
\@dtl@datatype=\count322
\dtl@codeA=\count323
\dtl@codeB=\count324
\@dtl@foreach@level=\count325
)
\gls@level=\count326
\@gls@tmpb=\toks35
\gls@tmplen=\skip73
\glskeylisttok=\toks36
\glslabeltok=\toks37
\glsshorttok=\toks38
\glslongtok=\toks39

(C:\Users\Owner\AppData\Local\Programs\MiKTeX\tex/latex/glossaries/styles\gloss
ary-hypernav.sty
Package: glossary-hypernav 2024/11/01 v4.55 (NLCT)
)
(C:\Users\Owner\AppData\Local\Programs\MiKTeX\tex/latex/glossaries/styles\gloss
ary-list.sty
Package: glossary-list 2024/11/01 v4.55 (NLCT)
\glslistdottedwidth=\skip74
)
(C:\Users\Owner\AppData\Local\Programs\MiKTeX\tex/latex/glossaries/styles\gloss
ary-long.sty
Package: glossary-long 2024/11/01 v4.55 (NLCT)

(C:\Users\Owner\AppData\Local\Programs\MiKTeX\tex/latex/tools\longtable.sty
Package: longtable 2024-04-26 v4.20 Multi-page Table package (DPC)
\LTleft=\skip75
\LTright=\skip76
\LTpre=\skip77
\LTpost=\skip78
\LTchunksize=\count327
\LTcapwidth=\dimen193
\LT@head=\box58
\LT@firsthead=\box59
\LT@foot=\box60
\LT@lastfoot=\box61
\LT@gbox=\box62
\LT@cols=\count328
\LT@rows=\count329
\c@LT@tables=\count330
\c@LT@chunks=\count331
\LT@p@ftn=\toks40
)
\glsdescwidth=\skip79
\glspagelistwidth=\skip80
)
(C:\Users\Owner\AppData\Local\Programs\MiKTeX\tex/latex/glossaries/styles\gloss
ary-super.sty
Package: glossary-super 2024/11/01 v4.55 (NLCT)

(C:\Users\Owner\AppData\Local\Programs\MiKTeX\tex/latex/supertabular\supertabul
ar.sty
Package: supertabular 2024/07/20 v4.2c the supertabular environment
\c@tracingst=\count332
\ST@wd=\dimen194
\ST@rightskip=\skip81
\ST@leftskip=\skip82
\ST@parfillskip=\skip83
\ST@pageleft=\dimen195
\ST@headht=\dimen196
\ST@tailht=\dimen197
\ST@pagesofar=\dimen198
\ST@pboxht=\dimen199
\ST@rowht=\dimen256
\ST@prevht=\dimen257
\ST@toadd=\dimen258
\ST@dimen=\dimen259
\ST@pbox=\box63
))
(C:\Users\Owner\AppData\Local\Programs\MiKTeX\tex/latex/glossaries/styles\gloss
ary-tree.sty
Package: glossary-tree 2024/11/01 v4.55 (NLCT)
\glstreeindent=\skip84
))
\glswrite=\write3
\glo@main@file=\write4
\openout4 = `main(postISEF1-shortForPub).glo'.

Package glossaries Info: Writing glossary file main(postISEF1-shortForPub).glo 
on input line 32.

(C:\Users\Owner\AppData\Local\Programs\MiKTeX\tex/latex/hyperref\hyperref.sty
Package: hyperref 2024-07-10 v7.01j Hypertext links for LaTeX

(C:\Users\Owner\AppData\Local\Programs\MiKTeX\tex/latex/kvsetkeys\kvsetkeys.sty
Package: kvsetkeys 2022-10-05 v1.19 Key value parser (HO)
)
(C:\Users\Owner\AppData\Local\Programs\MiKTeX\tex/generic/kvdefinekeys\kvdefine
keys.sty
Package: kvdefinekeys 2019-12-19 v1.6 Define keys (HO)
)
(C:\Users\Owner\AppData\Local\Programs\MiKTeX\tex/generic/pdfescape\pdfescape.s
ty
Package: pdfescape 2019/12/09 v1.15 Implements pdfTeX's escape features (HO)

(C:\Users\Owner\AppData\Local\Programs\MiKTeX\tex/generic/ltxcmds\ltxcmds.sty
Package: ltxcmds 2023-12-04 v1.26 LaTeX kernel commands for general use (HO)
)
(C:\Users\Owner\AppData\Local\Programs\MiKTeX\tex/generic/pdftexcmds\pdftexcmds
.sty
Package: pdftexcmds 2020-06-27 v0.33 Utility functions of pdfTeX for LuaTeX (HO
)

(C:\Users\Owner\AppData\Local\Programs\MiKTeX\tex/generic/infwarerr\infwarerr.s
ty
Package: infwarerr 2019/12/03 v1.5 Providing info/warning/error messages (HO)
)
Package pdftexcmds Info: \pdf@primitive is available.
Package pdftexcmds Info: \pdf@ifprimitive is available.
Package pdftexcmds Info: \pdfdraftmode found.
))
(C:\Users\Owner\AppData\Local\Programs\MiKTeX\tex/latex/hycolor\hycolor.sty
Package: hycolor 2020-01-27 v1.10 Color options for hyperref/bookmark (HO)
)
(C:\Users\Owner\AppData\Local\Programs\MiKTeX\tex/latex/hyperref\nameref.sty
Package: nameref 2023-11-26 v2.56 Cross-referencing by name of section

(C:\Users\Owner\AppData\Local\Programs\MiKTeX\tex/latex/refcount\refcount.sty
Package: refcount 2019/12/15 v3.6 Data extraction from label references (HO)
)
(C:\Users\Owner\AppData\Local\Programs\MiKTeX\tex/generic/gettitlestring\gettit
lestring.sty
Package: gettitlestring 2019/12/15 v1.6 Cleanup title references (HO)

(C:\Users\Owner\AppData\Local\Programs\MiKTeX\tex/latex/kvoptions\kvoptions.sty
Package: kvoptions 2022-06-15 v3.15 Key value format for package options (HO)
))
\c@section@level=\count333
)
(C:\Users\Owner\AppData\Local\Programs\MiKTeX\tex/generic/stringenc\stringenc.s
ty
Package: stringenc 2019/11/29 v1.12 Convert strings between diff. encodings (HO
)
)
\@linkdim=\dimen260
\Hy@linkcounter=\count334
\Hy@pagecounter=\count335
 (C:\Users\Owner\AppData\Local\Programs\MiKTeX\tex/latex/hyperref\pd1enc.def
File: pd1enc.def 2024-07-10 v7.01j Hyperref: PDFDocEncoding definition (HO)
Now handling font encoding PD1 ...
... no UTF-8 mapping file for font encoding PD1
) (C:\Users\Owner\AppData\Local\Programs\MiKTeX\tex/generic/intcalc\intcalc.sty
Package: intcalc 2019/12/15 v1.3 Expandable calculations with integers (HO)
)
\Hy@SavedSpaceFactor=\count336
 (C:\Users\Owner\AppData\Local\Programs\MiKTeX\tex/latex/hyperref\puenc.def
File: puenc.def 2024-07-10 v7.01j Hyperref: PDF Unicode definition (HO)
Now handling font encoding PU ...
... no UTF-8 mapping file for font encoding PU
)
Package hyperref Info: Hyper figures OFF on input line 4157.
Package hyperref Info: Link nesting OFF on input line 4162.
Package hyperref Info: Hyper index ON on input line 4165.
Package hyperref Info: Plain pages OFF on input line 4172.
Package hyperref Info: Backreferencing OFF on input line 4177.
Package hyperref Info: Implicit mode ON; LaTeX internals redefined.
Package hyperref Info: Bookmarks ON on input line 4424.
\c@Hy@tempcnt=\count337

(C:\Users\Owner\AppData\Local\Programs\MiKTeX\tex/latex/url\url.sty
\Urlmuskip=\muskip18
Package: url 2013/09/16  ver 3.4  Verb mode for urls, etc.
)
LaTeX Info: Redefining \url on input line 4763.
\XeTeXLinkMargin=\dimen261

(C:\Users\Owner\AppData\Local\Programs\MiKTeX\tex/generic/bitset\bitset.sty
Package: bitset 2019/12/09 v1.3 Handle bit-vector datatype (HO)

(C:\Users\Owner\AppData\Local\Programs\MiKTeX\tex/generic/bigintcalc\bigintcalc
.sty
Package: bigintcalc 2019/12/15 v1.5 Expandable calculations on big integers (HO
)
))
\Fld@menulength=\count338
\Field@Width=\dimen262
\Fld@charsize=\dimen263
Package hyperref Info: Hyper figures OFF on input line 6042.
Package hyperref Info: Link nesting OFF on input line 6047.
Package hyperref Info: Hyper index ON on input line 6050.
Package hyperref Info: backreferencing OFF on input line 6057.
Package hyperref Info: Link coloring OFF on input line 6062.
Package hyperref Info: Link coloring with OCG OFF on input line 6067.
Package hyperref Info: PDF/A mode OFF on input line 6072.

(C:\Users\Owner\AppData\Local\Programs\MiKTeX\tex/latex/base\atbegshi-ltx.sty
Package: atbegshi-ltx 2021/01/10 v1.0c Emulation of the original atbegshi
package with kernel methods
)
\Hy@abspage=\count339
\c@Item=\count340
\c@Hfootnote=\count341
)
Package hyperref Info: Driver (autodetected): hpdftex.
(C:\Users\Owner\AppData\Local\Programs\MiKTeX\tex/latex/hyperref\hpdftex.def
File: hpdftex.def 2024-07-10 v7.01j Hyperref driver for pdfTeX

(C:\Users\Owner\AppData\Local\Programs\MiKTeX\tex/latex/base\atveryend-ltx.sty
Package: atveryend-ltx 2020/08/19 v1.0a Emulation of the original atveryend pac
kage
with kernel methods
)
\Fld@listcount=\count342
\c@bookmark@seq@number=\count343

(C:\Users\Owner\AppData\Local\Programs\MiKTeX\tex/latex/rerunfilecheck\rerunfil
echeck.sty
Package: rerunfilecheck 2022-07-10 v1.10 Rerun checks for auxiliary files (HO)

(C:\Users\Owner\AppData\Local\Programs\MiKTeX\tex/generic/uniquecounter\uniquec
ounter.sty
Package: uniquecounter 2019/12/15 v1.4 Provide unlimited unique counter (HO)
)
Package uniquecounter Info: New unique counter `rerunfilecheck' on input line 2
85.
)
\Hy@SectionHShift=\skip85
)
(C:\Users\Owner\AppData\Local\Programs\MiKTeX\tex/latex/float\float.sty
Package: float 2001/11/08 v1.3d Float enhancements (AL)
\c@float@type=\count344
\float@exts=\toks41
\float@box=\box64
\@float@everytoks=\toks42
\@floatcapt=\box65
)
Package hyperref Info: Option `colorlinks' set `true' on input line 138.
Package hyperref Info: Option `breaklinks' set `true' on input line 138.
Package hyperref Info: Option `bookmarksopen' set `false' on input line 138.
LaTeX Font Info:    Trying to load font information for OT1+ptm on input line 1
67.

(C:\Users\Owner\AppData\Local\Programs\MiKTeX\tex/latex/psnfss\ot1ptm.fd
File: ot1ptm.fd 2001/06/04 font definitions for OT1/ptm.
)
(main(postISEF1-shortForPub).aux)
\openout1 = `main(postISEF1-shortForPub).aux'.

LaTeX Font Info:    Checking defaults for OML/cmm/m/it on input line 167.
LaTeX Font Info:    ... okay on input line 167.
LaTeX Font Info:    Checking defaults for OMS/cmsy/m/n on input line 167.
LaTeX Font Info:    ... okay on input line 167.
LaTeX Font Info:    Checking defaults for OT1/cmr/m/n on input line 167.
LaTeX Font Info:    ... okay on input line 167.
LaTeX Font Info:    Checking defaults for T1/cmr/m/n on input line 167.
LaTeX Font Info:    ... okay on input line 167.
LaTeX Font Info:    Checking defaults for TS1/cmr/m/n on input line 167.
LaTeX Font Info:    ... okay on input line 167.
LaTeX Font Info:    Checking defaults for OMX/cmex/m/n on input line 167.
LaTeX Font Info:    ... okay on input line 167.
LaTeX Font Info:    Checking defaults for U/cmr/m/n on input line 167.
LaTeX Font Info:    ... okay on input line 167.
LaTeX Font Info:    Checking defaults for PD1/pdf/m/n on input line 167.
LaTeX Font Info:    ... okay on input line 167.
LaTeX Font Info:    Checking defaults for PU/pdf/m/n on input line 167.
LaTeX Font Info:    ... okay on input line 167.

(C:\Users\Owner\AppData\Local\Programs\MiKTeX\tex/context/base/mkii\supp-pdf.mk
ii
[Loading MPS to PDF converter (version 2006.09.02).]
\scratchcounter=\count345
\scratchdimen=\dimen264
\scratchbox=\box66
\nofMPsegments=\count346
\nofMParguments=\count347
\everyMPshowfont=\toks43
\MPscratchCnt=\count348
\MPscratchDim=\dimen265
\MPnumerator=\count349
\makeMPintoPDFobject=\count350
\everyMPtoPDFconversion=\toks44
)
(C:\Users\Owner\AppData\Local\Programs\MiKTeX\tex/latex/epstopdf-pkg\epstopdf-b
ase.sty
Package: epstopdf-base 2020-01-24 v2.11 Base part for package epstopdf
Package epstopdf-base Info: Redefining graphics rule for `.eps' on input line 4
85.

(C:\Users\Owner\AppData\Local\Programs\MiKTeX\tex/latex/00miktex\epstopdf-sys.c
fg
File: epstopdf-sys.cfg 2021/03/18 v2.0 Configuration of epstopdf for MiKTeX
))
*geometry* driver: auto-detecting
*geometry* detected driver: pdftex
*geometry* verbose mode - [ preamble ] result:
* driver: pdftex
* paper: letterpaper
* layout: <same size as paper>
* layoutoffset:(h,v)=(0.0pt,0.0pt)
* modes: 
* h-part:(L,W,R)=(56.9055pt, 500.484pt, 56.9055pt)
* v-part:(T,H,B)=(64.01869pt, 666.9326pt, 64.01869pt)
* \paperwidth=614.295pt
* \paperheight=794.96999pt
* \textwidth=500.484pt
* \textheight=666.9326pt
* \oddsidemargin=-15.36449pt
* \evensidemargin=-15.36449pt
* \topmargin=-44.2513pt
* \headheight=11.0pt
* \headsep=25.0pt
* \topskip=10.0pt
* \footskip=30.0pt
* \marginparwidth=65.0pt
* \marginparsep=11.0pt
* \columnsep=15.6491pt
* \skip\footins=9.0pt plus 4.0pt minus 2.0pt
* \hoffset=0.0pt
* \voffset=0.0pt
* \mag=1000
* \@twocolumnfalse
* \@twosidefalse
* \@mparswitchfalse
* \@reversemarginfalse
* (1in=72.27pt=25.4mm, 1cm=28.453pt)

Package caption Info: Begin \AtBeginDocument code.
Package caption Info: float package is loaded.
Package caption Info: hyperref package is loaded.
Package caption Info: longtable package is loaded.
(C:\Users\Owner\AppData\Local\Programs\MiKTeX\tex/latex/caption\ltcaption.sty
Package: ltcaption 2021/01/08 v1.4c longtable captions (AR)
)
Package caption Info: supertabular package is loaded.
Package caption Info: End \AtBeginDocument code.
LaTeX Info: Redefining \microtypecontext on input line 167.
Package microtype Info: Applying patch `item' on input line 167.
Package microtype Info: Applying patch `toc' on input line 167.
Package microtype Info: Applying patch `eqnum' on input line 167.
Package microtype Info: Applying patch `footnote' on input line 167.
Package microtype Info: Applying patch `verbatim' on input line 167.
Package microtype Info: Generating PDF output.
Package microtype Info: Character protrusion enabled (level 2).
Package microtype Info: Using default protrusion set `alltext'.
Package microtype Info: Automatic font expansion enabled (level 2),
(microtype)             stretch: 20, shrink: 20, step: 1, non-selected.
Package microtype Info: Using default expansion set `alltext-nott'.
LaTeX Info: Redefining \showhyphens on input line 167.
Package microtype Info: No adjustment of tracking.
Package microtype Info: No adjustment of interword spacing.
Package microtype Info: No adjustment of character kerning.

(C:\Users\Owner\AppData\Local\Programs\MiKTeX\tex/latex/microtype\mt-ptm.cfg
File: mt-ptm.cfg 2006/04/20 v1.7 microtype config. file: Times (RS)
)
Package hyperref Info: Link coloring ON on input line 167.

(main(postISEF1-shortForPub).out) (main(postISEF1-shortForPub).out)
\@outlinefile=\write5
\openout5 = `main(postISEF1-shortForPub).out'.

LaTeX Font Info:    Trying to load font information for OT1+phv on input line 1
70.

(C:\Users\Owner\AppData\Local\Programs\MiKTeX\tex/latex/psnfss\ot1phv.fd
File: ot1phv.fd 2020/03/25 scalable font definitions for OT1/phv.
)
Package microtype Info: Loading generic protrusion settings for font family
(microtype)             `phv' (encoding: OT1).
(microtype)             For optimal results, create family-specific settings.
(microtype)             See the microtype manual for details.
LaTeX Font Info:    Trying to load font information for OT1+ztmcm on input line
 170.

(C:\Users\Owner\AppData\Local\Programs\MiKTeX\tex/latex/psnfss\ot1ztmcm.fd
File: ot1ztmcm.fd 2000/01/03 Fontinst v1.801 font definitions for OT1/ztmcm.
)
Package microtype Info: Loading generic protrusion settings for font family
(microtype)             `ztmcm' (encoding: OT1).
(microtype)             For optimal results, create family-specific settings.
(microtype)             See the microtype manual for details.
LaTeX Font Info:    Trying to load font information for OML+ztmcm on input line
 170.

(C:\Users\Owner\AppData\Local\Programs\MiKTeX\tex/latex/psnfss\omlztmcm.fd
File: omlztmcm.fd 2000/01/03 Fontinst v1.801 font definitions for OML/ztmcm.
)
LaTeX Font Info:    Trying to load font information for OMS+ztmcm on input line
 170.

(C:\Users\Owner\AppData\Local\Programs\MiKTeX\tex/latex/psnfss\omsztmcm.fd
File: omsztmcm.fd 2000/01/03 Fontinst v1.801 font definitions for OMS/ztmcm.
)
LaTeX Font Info:    Trying to load font information for OMX+ztmcm on input line
 170.

(C:\Users\Owner\AppData\Local\Programs\MiKTeX\tex/latex/psnfss\omxztmcm.fd
File: omxztmcm.fd 2000/01/03 Fontinst v1.801 font definitions for OMX/ztmcm.
)
(C:\Users\Owner\AppData\Local\Programs\MiKTeX\tex/latex/microtype\mt-msa.cfg
File: mt-msa.cfg 2006/02/04 v1.1 microtype config. file: AMS symbols (a) (RS)
)
(C:\Users\Owner\AppData\Local\Programs\MiKTeX\tex/latex/microtype\mt-msb.cfg
File: mt-msb.cfg 2005/06/01 v1.0 microtype config. file: AMS symbols (b) (RS)
)
LaTeX Font Info:    Font shape `OT1/ptm/bx/n' in size <12> not available
(Font)              Font shape `OT1/ptm/b/n' tried instead on input line 170.
LaTeX Font Info:    Font shape `OT1/ptm/bx/n' in size <9> not available
(Font)              Font shape `OT1/ptm/b/n' tried instead on input line 170.
LaTeX Font Info:    Font shape `OT1/ptm/bx/n' in size <7> not available
(Font)              Font shape `OT1/ptm/b/n' tried instead on input line 170.
LaTeX Font Info:    Font shape `OT1/ptm/bx/n' in size <10> not available
(Font)              Font shape `OT1/ptm/b/n' tried instead on input line 170.
LaTeX Font Info:    Font shape `OT1/ptm/bx/n' in size <7.4> not available
(Font)              Font shape `OT1/ptm/b/n' tried instead on input line 170.
LaTeX Font Info:    Font shape `OT1/ptm/bx/n' in size <6> not available
(Font)              Font shape `OT1/ptm/b/n' tried instead on input line 170.
LaTeX Font Info:    Font shape `OT1/ptm/bx/n' in size <8> not available
(Font)              Font shape `OT1/ptm/b/n' tried instead on input line 170.
LaTeX Font Info:    Font shape `OT1/ptm/bx/n' in size <5> not available
(Font)              Font shape `OT1/ptm/b/n' tried instead on input line 170.
LaTeX Font Info:    Font shape `OT1/phv/m/it' in size <8> not available
(Font)              Font shape `OT1/phv/m/sl' tried instead on input line 170.

(main(postISEF1-shortForPub).toc
Underfull \vbox (badness 5504) has occurred while \output is active []



LaTeX Font Info:    Trying to load font information for TS1+phv on input line 1
5.
(C:\Users\Owner\AppData\Local\Programs\MiKTeX\tex/latex/psnfss\ts1phv.fd
File: ts1phv.fd 2020/03/25 scalable font definitions for TS1/phv.
)
Package microtype Info: Loading generic protrusion settings for font family
(microtype)             `phv' (encoding: TS1).
(microtype)             For optimal results, create family-specific settings.
(microtype)             See the microtype manual for details.

Overfull \hbox (17.98079pt too wide) in paragraph at lines 19--25
 []|[][]\OT1/phv/m/n/8 (-20) Design Prin-ci-ples[][]| \TS1/phv/m/n/8 (-20) ˆ |[
][]\OT1/phv/m/n/8 (-20) Materials[][]| \TS1/phv/m/n/8 (-20) ˆ |[][]\OT1/phv/m/n
/8 (-20) Design and Con-struc-tion[][]| \TS1/phv/m/n/8 (-20) ˆ |[][]\OT1/phv/m/
n/8 (-20) Programming
 []



[1{C:/Users/Owner/AppData/Local/MiKTeX/fonts/map/pdftex/pdftex.map}{C:/Users/Ow
ner/AppData/Local/Programs/MiKTeX/fonts/enc/dvips/base/8r.enc}

\openout3 = `main(postISEF1-shortForPub).ist'.


])
\tf@toc=\write6
\openout6 = `main(postISEF1-shortForPub).toc'.


(main(postISEF1-shortForPub).lof
Overfull \hbox (5.0pt too wide) detected at line 2
 []\OT1/ptm/m/n/10 3
 []


Overfull \hbox (5.0pt too wide) detected at line 3
 []\OT1/ptm/m/n/10 5
 []


Overfull \hbox (5.0pt too wide) detected at line 4
 []\OT1/ptm/m/n/10 6
 []


Overfull \hbox (5.0pt too wide) detected at line 5
 []\OT1/ptm/m/n/10 6
 []


Overfull \hbox (5.0pt too wide) detected at line 6
 []\OT1/ptm/m/n/10 6
 []


Overfull \hbox (5.0pt too wide) detected at line 7
 []\OT1/ptm/m/n/10 7
 []


Overfull \hbox (5.0pt too wide) detected at line 8
 []\OT1/ptm/m/n/10 7
 []


Overfull \hbox (5.0pt too wide) detected at line 9
 []\OT1/ptm/m/n/10 8
 []


Overfull \hbox (5.0pt too wide) detected at line 10
 []\OT1/ptm/m/n/10 9
 []


Overfull \hbox (5.0pt too wide) detected at line 11
 []\OT1/ptm/m/n/10 9
 []


Overfull \hbox (10.0pt too wide) detected at line 12
 []\OT1/ptm/m/n/10 10
 []


Overfull \hbox (10.0pt too wide) detected at line 13
 []\OT1/ptm/m/n/10 11
 []


Overfull \hbox (10.0pt too wide) detected at line 14
 []\OT1/ptm/m/n/10 11
 []


Overfull \hbox (10.0pt too wide) detected at line 15
 []\OT1/ptm/m/n/10 12
 []


Overfull \hbox (10.0pt too wide) detected at line 16
 []\OT1/ptm/m/n/10 12
 []


Overfull \hbox (10.0pt too wide) detected at line 17
 []\OT1/ptm/m/n/10 12
 []


Overfull \hbox (10.0pt too wide) detected at line 18
 []\OT1/ptm/m/n/10 12
 []


Overfull \hbox (10.0pt too wide) detected at line 19
 []\OT1/ptm/m/n/10 13
 []


Overfull \hbox (10.0pt too wide) detected at line 20
 []\OT1/ptm/m/n/10 13
 []


Overfull \hbox (10.0pt too wide) detected at line 21
 []\OT1/ptm/m/n/10 14
 []


Overfull \hbox (10.0pt too wide) detected at line 22
 []\OT1/ptm/m/n/10 14
 []


Overfull \hbox (10.0pt too wide) detected at line 23
 []\OT1/ptm/m/n/10 14
 []


Overfull \hbox (10.0pt too wide) detected at line 24
 []\OT1/ptm/m/n/10 14
 []


Overfull \hbox (10.0pt too wide) detected at line 25
 []\OT1/ptm/m/n/10 15
 []


Overfull \hbox (10.0pt too wide) detected at line 26
 []\OT1/ptm/m/n/10 17
 []


Overfull \hbox (10.0pt too wide) detected at line 27
 []\OT1/ptm/m/n/10 18
 []


Overfull \hbox (10.0pt too wide) detected at line 28
 []\OT1/ptm/m/n/10 18
 []


Overfull \hbox (10.0pt too wide) detected at line 29
 []\OT1/ptm/m/n/10 19
 []


Overfull \hbox (10.0pt too wide) detected at line 30
 []\OT1/ptm/m/n/10 19
 []


Overfull \hbox (10.0pt too wide) detected at line 31
 []\OT1/ptm/m/n/10 20
 []


Overfull \hbox (10.0pt too wide) detected at line 32
 []\OT1/ptm/m/n/10 22
 []


Overfull \hbox (10.0pt too wide) detected at line 33
 []\OT1/ptm/m/n/10 22
 []




Overfull \hbox (10.0pt too wide) detected at line 34
 []\OT1/ptm/m/n/10 23
 []


Overfull \hbox (10.0pt too wide) detected at line 35
 []\OT1/ptm/m/n/10 23
 []


Overfull \hbox (10.0pt too wide) detected at line 36
 []\OT1/ptm/m/n/10 23
 []


Overfull \hbox (10.0pt too wide) detected at line 37
 []\OT1/ptm/m/n/10 24
 []


Overfull \hbox (10.0pt too wide) detected at line 38
 []\OT1/ptm/m/n/10 24
 []


Overfull \hbox (10.0pt too wide) detected at line 39
 []\OT1/ptm/m/n/10 24
 []


Overfull \hbox (10.0pt too wide) detected at line 40
 []\OT1/ptm/m/n/10 25
 []


Overfull \hbox (10.0pt too wide) detected at line 41
 []\OT1/ptm/m/n/10 25
 []


Overfull \hbox (10.0pt too wide) detected at line 42
 []\OT1/ptm/m/n/10 26
 []


Overfull \hbox (10.0pt too wide) detected at line 43
 []\OT1/ptm/m/n/10 26
 []

)
\tf@lof=\write7
\openout7 = `main(postISEF1-shortForPub).lof'.

 (main(postISEF1-shortForPub).lot)
\tf@lot=\write8
\openout8 = `main(postISEF1-shortForPub).lot'.

LaTeX Font Info:    Trying to load font information for TS1+ptm on input line 1
84.

(C:\Users\Owner\AppData\Local\Programs\MiKTeX\tex/latex/psnfss\ts1ptm.fd
File: ts1ptm.fd 2001/06/04 font definitions for TS1/ptm.
)

[2]
No file main(postISEF1-shortForPub).gls.


<Figures/DepthDistribution.png, id=370, 632.3625pt x 452.892pt>
File: Figures/DepthDistribution.png Graphic file (type png)
<use Figures/DepthDistribution.png>
Package pdftex.def Info: Figures/DepthDistribution.png  used on input line 213.

(pdftex.def)             Requested size: 193.9347pt x 138.88855pt.



Package fancyhdr Warning: \headheight is too small (11.0pt): 
(fancyhdr)                Make it at least 20.96901pt, for example:
(fancyhdr)                \setlength{\headheight}{20.96901pt}.
(fancyhdr)                You might also make \topmargin smaller to compensate:

(fancyhdr)                \addtolength{\topmargin}{-9.96901pt}.

[3 <./Figures/DepthDistribution.png>]

<Figures/BivalveInspo.png, id=391, 526.96875pt x 760.8425pt>
File: Figures/BivalveInspo.png Graphic file (type png)
<use Figures/BivalveInspo.png>
Package pdftex.def Info: Figures/BivalveInspo.png  used on input line 242.
(pdftex.def)             Requested size: 121.20872pt x 175.0017pt.



Package fancyhdr Warning: \headheight is too small (11.0pt): 
(fancyhdr)                Make it at least 20.96901pt, for example:
(fancyhdr)                \setlength{\headheight}{20.96901pt}.
(fancyhdr)                You might also make \topmargin smaller to compensate:

(fancyhdr)                \addtolength{\topmargin}{-9.96901pt}.

[4]

<Figures/Phasor.png, id=404, 698.61pt x 425.59pt>
File: Figures/Phasor.png Graphic file (type png)
<use Figures/Phasor.png>
Package pdftex.def Info: Figures/Phasor.png  used on input line 259.
(pdftex.def)             Requested size: 242.41745pt x 147.67941pt.
<Figures/PhasorAnnotated.png, id=405, 698.61pt x 424.58624pt>
File: Figures/PhasorAnnotated.png Graphic file (type png)
<use Figures/PhasorAnnotated.png>
Package pdftex.def Info: Figures/PhasorAnnotated.png  used on input line 265.
(pdftex.def)             Requested size: 242.41745pt x 147.33112pt.

LaTeX Warning: `h' float specifier changed to `ht'.


LaTeX Warning: `h' float specifier changed to `ht'.




Package fancyhdr Warning: \headheight is too small (11.0pt): 
(fancyhdr)                Make it at least 20.96901pt, for example:
(fancyhdr)                \setlength{\headheight}{20.96901pt}.
(fancyhdr)                You might also make \topmargin smaller to compensate:

(fancyhdr)                \addtolength{\topmargin}{-9.96901pt}.

[5 <./Figures/BivalveInspo.png>]
<Figures/FluorescenceCorrelation.png, id=413, 389.455pt x 753.81625pt>
File: Figures/FluorescenceCorrelation.png Graphic file (type png)
<use Figures/FluorescenceCorrelation.png>
Package pdftex.def Info: Figures/FluorescenceCorrelation.png  used on input lin
e 274.
(pdftex.def)             Requested size: 121.20872pt x 234.6008pt.


LaTeX Warning: `h' float specifier changed to `ht'.



<Figures/FluorescedMPs2.jpg, id=421, 1505.625pt x 2006.49625pt>
File: Figures/FluorescedMPs2.jpg Graphic file (type jpg)
<use Figures/FluorescedMPs2.jpg>
Package pdftex.def Info: Figures/FluorescedMPs2.jpg  used on input line 283.
(pdftex.def)             Requested size: 242.41745pt x 323.03604pt.

LaTeX Warning: `h' float specifier changed to `ht'.

<Figures/ReemissionWavelengths.png, id=426, 602.25pt x 372.39125pt>
File: Figures/ReemissionWavelengths.png Graphic file (type png)
<use Figures/ReemissionWavelengths.png>
Package pdftex.def Info: Figures/ReemissionWavelengths.png  used on input line 
292.
(pdftex.def)             Requested size: 242.41745pt x 149.89711pt.

LaTeX Warning: `h' float specifier changed to `ht'.




Package fancyhdr Warning: \headheight is too small (11.0pt): 
(fancyhdr)                Make it at least 20.96901pt, for example:
(fancyhdr)                \setlength{\headheight}{20.96901pt}.
(fancyhdr)                You might also make \topmargin smaller to compensate:

(fancyhdr)                \addtolength{\topmargin}{-9.96901pt}.

[6 <./Figures/Phasor.png> <./Figures/PhasorAnnotated.png> <./Figures/Fluorescen
ceCorrelation.png>]

<Figures/MPSpectrum.png, id=441, 359.09157pt x 721.94719pt>
File: Figures/MPSpectrum.png Graphic file (type png)
<use Figures/MPSpectrum.png>
Package pdftex.def Info: Figures/MPSpectrum.png  used on input line 313.
(pdftex.def)             Requested size: 145.45193pt x 292.43108pt.



Package fancyhdr Warning: \headheight is too small (11.0pt): 
(fancyhdr)                Make it at least 20.96901pt, for example:
(fancyhdr)                \setlength{\headheight}{20.96901pt}.
(fancyhdr)                You might also make \topmargin smaller to compensate:

(fancyhdr)                \addtolength{\topmargin}{-9.96901pt}.

[7 <./Figures/FluorescedMPs2.jpg> <./Figures/ReemissionWavelengths.png>]

<Figures/ProcessorCrosssection.png, id=456, 413.1435pt x 455.301pt>
File: Figures/ProcessorCrosssection.png Graphic file (type png)
<use Figures/ProcessorCrosssection.png>
Package pdftex.def Info: Figures/ProcessorCrosssection.png  used on input line 
331.
(pdftex.def)             Requested size: 242.41745pt x 267.15242pt.
<Figures/OverheadCrosssection.png, id=457, 169.8345pt x 425.79076pt>
File: Figures/OverheadCrosssection.png Graphic file (type png)
<use Figures/OverheadCrosssection.png>
Package pdftex.def Info: Figures/OverheadCrosssection.png  used on input line 3
38.
(pdftex.def)             Requested size: 121.20872pt x 303.88583pt.



Package fancyhdr Warning: \headheight is too small (11.0pt): 
(fancyhdr)                Make it at least 20.96901pt, for example:
(fancyhdr)                \setlength{\headheight}{20.96901pt}.
(fancyhdr)                You might also make \topmargin smaller to compensate:

(fancyhdr)                \addtolength{\topmargin}{-9.96901pt}.

[8 <./Figures/MPSpectrum.png>]

LaTeX Warning: `h' float specifier changed to `ht'.


Underfull \vbox (badness 10000) has occurred while \output is active []






Package fancyhdr Warning: \headheight is too small (11.0pt): 
(fancyhdr)                Make it at least 20.96901pt, for example:
(fancyhdr)                \setlength{\headheight}{20.96901pt}.
(fancyhdr)                You might also make \topmargin smaller to compensate:

(fancyhdr)                \addtolength{\topmargin}{-9.96901pt}.

[9 <./Figures/ProcessorCrosssection.png> <./Figures/OverheadCrosssection.png>]

<Figures/CADFull.png, id=473, 392.06474pt x 328.22626pt>
File: Figures/CADFull.png Graphic file (type png)
<use Figures/CADFull.png>
Package pdftex.def Info: Figures/CADFull.png  used on input line 391.
(pdftex.def)             Requested size: 242.41745pt x 202.94225pt.
<Figures/CADFullBox.png, id=474, 419.76825pt x 302.3295pt>
File: Figures/CADFullBox.png Graphic file (type png)
<use Figures/CADFullBox.png>
Package pdftex.def Info: Figures/CADFullBox.png  used on input line 397.
(pdftex.def)             Requested size: 242.41745pt x 174.59467pt.

LaTeX Warning: `h' float specifier changed to `ht'.

<Figures/TechInlet.png, id=475, 2006.49625pt x 1551.7975pt>
File: Figures/TechInlet.png Graphic file (type png)
<use Figures/TechInlet.png>
Package pdftex.def Info: Figures/TechInlet.png  used on input line 405.
(pdftex.def)             Requested size: 242.41745pt x 187.46262pt.
<Figures/ProcessorMk2.png, id=476, 2384.91pt x 1842.885pt>
File: Figures/ProcessorMk2.png Graphic file (type png)
<use Figures/ProcessorMk2.png>
Package pdftex.def Info: Figures/ProcessorMk2.png  used on input line 412.
(pdftex.def)             Requested size: 242.41745pt x 187.30815pt.
<Figures/TechCamBox.png, id=477, 2006.49625pt x 1551.7975pt>
File: Figures/TechCamBox.png Graphic file (type png)
<use Figures/TechCamBox.png>
Package pdftex.def Info: Figures/TechCamBox.png  used on input line 419.
(pdftex.def)             Requested size: 242.41745pt x 187.46262pt.
<Figures/TechOutlet.png, id=478, 2006.49625pt x 1551.7975pt>
File: Figures/TechOutlet.png Graphic file (type png)
<use Figures/TechOutlet.png>
Package pdftex.def Info: Figures/TechOutlet.png  used on input line 428.
(pdftex.def)             Requested size: 242.41745pt x 187.46262pt.



Package fancyhdr Warning: \headheight is too small (11.0pt): 
(fancyhdr)                Make it at least 20.96901pt, for example:
(fancyhdr)                \setlength{\headheight}{20.96901pt}.
(fancyhdr)                You might also make \topmargin smaller to compensate:

(fancyhdr)                \addtolength{\topmargin}{-9.96901pt}.

[10 <./Figures/CADFull.png>]


LaTeX Warning: `h' float specifier changed to `ht'.




Package fancyhdr Warning: \headheight is too small (11.0pt): 
(fancyhdr)                Make it at least 20.96901pt, for example:
(fancyhdr)                \setlength{\headheight}{20.96901pt}.
(fancyhdr)                You might also make \topmargin smaller to compensate:

(fancyhdr)                \addtolength{\topmargin}{-9.96901pt}.

[11 <./Figures/CADFullBox.png> <./Figures/TechInlet.png> <./Figures/ProcessorMk
2.png (PNG copy)>]
<Figures/TechCover.png, id=511, 2006.49625pt x 1551.7975pt>
File: Figures/TechCover.png Graphic file (type png)
<use Figures/TechCover.png>
Package pdftex.def Info: Figures/TechCover.png  used on input line 442.
(pdftex.def)             Requested size: 242.41745pt x 187.46262pt.
<Figures/TechFlipper.png, id=513, 2006.49625pt x 1551.7975pt>
File: Figures/TechFlipper.png Graphic file (type png)
<use Figures/TechFlipper.png>
Package pdftex.def Info: Figures/TechFlipper.png  used on input line 449.
(pdftex.def)             Requested size: 242.41745pt x 187.46262pt.
<Figures/TechServoBox.png, id=514, 2006.49625pt x 1551.7975pt>
File: Figures/TechServoBox.png Graphic file (type png)
<use Figures/TechServoBox.png>
Package pdftex.def Info: Figures/TechServoBox.png  used on input line 456.
(pdftex.def)             Requested size: 242.41745pt x 187.46262pt.





Package fancyhdr Warning: \headheight is too small (11.0pt): 
(fancyhdr)                Make it at least 20.96901pt, for example:
(fancyhdr)                \setlength{\headheight}{20.96901pt}.
(fancyhdr)                You might also make \topmargin smaller to compensate:

(fancyhdr)                \addtolength{\topmargin}{-9.96901pt}.

[12 <./Figures/TechCamBox.png> <./Figures/TechOutlet.png> <./Figures/TechCover.
png> <./Figures/TechFlipper.png>]
<Figures/ProgrammingArch.png, id=529, 336.0555pt x 346.29375pt>
File: Figures/ProgrammingArch.png Graphic file (type png)
<use Figures/ProgrammingArch.png>
Package pdftex.def Info: Figures/ProgrammingArch.png  used on input line 471.
(pdftex.def)             Requested size: 242.41745pt x 249.80685pt.


LaTeX Warning: `h' float specifier changed to `ht'.



<Figures/ElecSchematic2.pdf, id=530, 512.17749pt x 398.35225pt>
File: Figures/ElecSchematic2.pdf Graphic file (type pdf)
<use Figures/ElecSchematic2.pdf>
Package pdftex.def Info: Figures/ElecSchematic2.pdf  used on input line 480.
(pdftex.def)             Requested size: 242.41745pt x 188.54459pt.

LaTeX Warning: `h' float specifier changed to `ht'.




Package fancyhdr Warning: \headheight is too small (11.0pt): 
(fancyhdr)                Make it at least 20.96901pt, for example:
(fancyhdr)                \setlength{\headheight}{20.96901pt}.
(fancyhdr)                You might also make \topmargin smaller to compensate:

(fancyhdr)                \addtolength{\topmargin}{-9.96901pt}.

[13 <./Figures/TechServoBox.png> <./Figures/ProgrammingArch.png>]
<Figures/BatteryYear.png, id=541, 799.98875pt x 493.845pt>
File: Figures/BatteryYear.png Graphic file (type png)
<use Figures/BatteryYear.png>
Package pdftex.def Info: Figures/BatteryYear.png  used on input line 491.
(pdftex.def)             Requested size: 242.41745pt x 149.64665pt.
<Figures/MKE_GHI.png, id=542, 799.98875pt x 493.845pt>
File: Figures/MKE_GHI.png Graphic file (type png)
<use Figures/MKE_GHI.png>
Package pdftex.def Info: Figures/MKE_GHI.png  used on input line 497.
(pdftex.def)             Requested size: 242.41745pt x 149.64665pt.


LaTeX Warning: `h' float specifier changed to `ht'.

<Figures/brown_line_power.png, id=543, 602.25pt x 372.39125pt>
File: Figures/brown_line_power.png Graphic file (type png)
<use Figures/brown_line_power.png>
Package pdftex.def Info: Figures/brown_line_power.png  used on input line 504.
(pdftex.def)             Requested size: 242.41745pt x 149.89711pt.

LaTeX Warning: `h' float specifier changed to `ht'.

<Figures/green_line_power.png, id=546, 602.25pt x 372.39125pt>
File: Figures/green_line_power.png Graphic file (type png)
<use Figures/green_line_power.png>
Package pdftex.def Info: Figures/green_line_power.png  used on input line 511.
(pdftex.def)             Requested size: 242.41745pt x 149.89711pt.

LaTeX Warning: `h' float specifier changed to `ht'.






Package fancyhdr Warning: \headheight is too small (11.0pt): 
(fancyhdr)                Make it at least 20.96901pt, for example:
(fancyhdr)                \setlength{\headheight}{20.96901pt}.
(fancyhdr)                You might also make \topmargin smaller to compensate:

(fancyhdr)                \addtolength{\topmargin}{-9.96901pt}.

[14 <./Figures/ElecSchematic2.pdf> <./Figures/BatteryYear.png> <./Figures/MKE_G
HI.png> <./Figures/brown_line_power.png>]




Package fancyhdr Warning: \headheight is too small (11.0pt): 
(fancyhdr)                Make it at least 20.96901pt, for example:
(fancyhdr)                \setlength{\headheight}{20.96901pt}.
(fancyhdr)                You might also make \topmargin smaller to compensate:

(fancyhdr)                \addtolength{\topmargin}{-9.96901pt}.

[15 <./Figures/green_line_power.png>]

<Figures/RiverCrosssection.png, id=594, 947.54pt x 370.38374pt>
File: Figures/RiverCrosssection.png Graphic file (type png)
<use Figures/RiverCrosssection.png>
Package pdftex.def Info: Figures/RiverCrosssection.png  used on input line 621.

(pdftex.def)             Requested size: 242.41745pt x 94.75461pt.

LaTeX Warning: `h' float specifier changed to `ht'.




Package fancyhdr Warning: \headheight is too small (11.0pt): 
(fancyhdr)                Make it at least 20.96901pt, for example:
(fancyhdr)                \setlength{\headheight}{20.96901pt}.
(fancyhdr)                You might also make \topmargin smaller to compensate:

(fancyhdr)                \addtolength{\topmargin}{-9.96901pt}.

[16]

<Figures/FrozenRiver.jpeg, id=620, 971.3088pt x 728.4816pt>
File: Figures/FrozenRiver.jpeg Graphic file (type jpg)
<use Figures/FrozenRiver.jpeg>
Package pdftex.def Info: Figures/FrozenRiver.jpeg  used on input line 650.
(pdftex.def)             Requested size: 971.30644pt x 728.47983pt.

LaTeX Warning: `h' float specifier changed to `ht'.




Package fancyhdr Warning: \headheight is too small (11.0pt): 
(fancyhdr)                Make it at least 20.96901pt, for example:
(fancyhdr)                \setlength{\headheight}{20.96901pt}.
(fancyhdr)                You might also make \topmargin smaller to compensate:

(fancyhdr)                \addtolength{\topmargin}{-9.96901pt}.

[17 <./Figures/RiverCrosssection.png>]
<Figures/DevicePrep.jpeg, id=632, 961.5925pt x 989.6975pt>
File: Figures/DevicePrep.jpeg Graphic file (type jpg)
<use Figures/DevicePrep.jpeg>
Package pdftex.def Info: Figures/DevicePrep.jpeg  used on input line 661.
(pdftex.def)             Requested size: 242.41745pt x 249.49268pt.


LaTeX Warning: `h' float specifier changed to `ht'.



<Figures/Marionette.jpeg, id=633, 963.6pt x 1689.31125pt>
File: Figures/Marionette.jpeg Graphic file (type jpg)
<use Figures/Marionette.jpeg>
Package pdftex.def Info: Figures/Marionette.jpeg  used on input line 680.
(pdftex.def)             Requested size: 121.20872pt x 212.478pt.

LaTeX Warning: `h' float specifier changed to `ht'.

<Figures/DeviceDeployed.jpeg, id=634, 916.42375pt x 1242.6425pt>
File: Figures/DeviceDeployed.jpeg Graphic file (type jpg)
<use Figures/DeviceDeployed.jpeg>
Package pdftex.def Info: Figures/DeviceDeployed.jpeg  used on input line 702.
(pdftex.def)             Requested size: 181.81308pt x 246.53317pt.



Package fancyhdr Warning: \headheight is too small (11.0pt): 
(fancyhdr)                Make it at least 20.96901pt, for example:
(fancyhdr)                \setlength{\headheight}{20.96901pt}.
(fancyhdr)                You might also make \topmargin smaller to compensate:

(fancyhdr)                \addtolength{\topmargin}{-9.96901pt}.

[18 <./Figures/FrozenRiver.jpeg> <./Figures/DevicePrep.jpeg>]

LaTeX Warning: `h' float specifier changed to `ht'.



LaTeX Font Info:    Trying to load font information for OML+ptm on input line 7
29.
(C:\Users\Owner\AppData\Local\Programs\MiKTeX\tex/latex/psnfss\omlptm.fd
File: omlptm.fd 
)
LaTeX Font Info:    Font shape `OML/ptm/m/n' in size <10> not available
(Font)              Font shape `OML/cmm/m/it' tried instead on input line 729.



Package fancyhdr Warning: \headheight is too small (11.0pt): 
(fancyhdr)                Make it at least 20.96901pt, for example:
(fancyhdr)                \setlength{\headheight}{20.96901pt}.
(fancyhdr)                You might also make \topmargin smaller to compensate:

(fancyhdr)                \addtolength{\topmargin}{-9.96901pt}.

[19 <./Figures/Marionette.jpeg> <./Figures/DeviceDeployed.jpeg>]
<Figures/PercentDetectable.png, id=674, 667.293pt x 483.0045pt>
File: Figures/PercentDetectable.png Graphic file (type png)
<use Figures/PercentDetectable.png>
Package pdftex.def Info: Figures/PercentDetectable.png  used on input line 733.

(pdftex.def)             Requested size: 242.41745pt x 175.46603pt.


LaTeX Warning: `h' float specifier changed to `ht'.






Package fancyhdr Warning: \headheight is too small (11.0pt): 
(fancyhdr)                Make it at least 20.96901pt, for example:
(fancyhdr)                \setlength{\headheight}{20.96901pt}.
(fancyhdr)                You might also make \topmargin smaller to compensate:

(fancyhdr)                \addtolength{\topmargin}{-9.96901pt}.

[20 <./Figures/PercentDetectable.png>]




Package fancyhdr Warning: \headheight is too small (11.0pt): 
(fancyhdr)                Make it at least 20.96901pt, for example:
(fancyhdr)                \setlength{\headheight}{20.96901pt}.
(fancyhdr)                You might also make \topmargin smaller to compensate:

(fancyhdr)                \addtolength{\topmargin}{-9.96901pt}.

[21]
<Figures/BlueTwisty.jpg, id=716, 1376.0208pt x 1032.0156pt>
File: Figures/BlueTwisty.jpg Graphic file (type jpg)
<use Figures/BlueTwisty.jpg>
Package pdftex.def Info: Figures/BlueTwisty.jpg  used on input line 778.
(pdftex.def)             Requested size: 242.41745pt x 181.80222pt.
<Figures/Fabric.jpg, id=719, 1376.0208pt x 1032.0156pt>
File: Figures/Fabric.jpg Graphic file (type jpg)
<use Figures/Fabric.jpg>
Package pdftex.def Info: Figures/Fabric.jpg  used on input line 785.
(pdftex.def)             Requested size: 242.41745pt x 181.80222pt.


<Figures/MPOrganic.jpg, id=725, 1376.0208pt x 1032.0156pt>
File: Figures/MPOrganic.jpg Graphic file (type jpg)
<use Figures/MPOrganic.jpg>
Package pdftex.def Info: Figures/MPOrganic.jpg  used on input line 797.
(pdftex.def)             Requested size: 242.41745pt x 181.80222pt.

LaTeX Warning: `h' float specifier changed to `ht'.

<Figures/MPOrganicCounting.png, id=728, 602.25pt x 372.39125pt>
File: Figures/MPOrganicCounting.png Graphic file (type png)
<use Figures/MPOrganicCounting.png>
Package pdftex.def Info: Figures/MPOrganicCounting.png  used on input line 804.

(pdftex.def)             Requested size: 242.41745pt x 149.89711pt.



Package fancyhdr Warning: \headheight is too small (11.0pt): 
(fancyhdr)                Make it at least 20.96901pt, for example:
(fancyhdr)                \setlength{\headheight}{20.96901pt}.
(fancyhdr)                You might also make \topmargin smaller to compensate:

(fancyhdr)                \addtolength{\topmargin}{-9.96901pt}.

[22 <./Figures/BlueTwisty.jpg> <./Figures/Fabric.jpg>]
Underfull \vbox (badness 10000) has occurred while \output is active []



<Figures/RawSeparated.jpg, id=742, 2443.1275pt x 2397.95876pt>
File: Figures/RawSeparated.jpg Graphic file (type jpg)
<use Figures/RawSeparated.jpg>
Package pdftex.def Info: Figures/RawSeparated.jpg  used on input line 816.
(pdftex.def)             Requested size: 2443.12157pt x 2397.95294pt.
<Figures/RawReleased.jpg, id=743, 2529.45pt x 2198.2125pt>
File: Figures/RawReleased.jpg Graphic file (type jpg)
<use Figures/RawReleased.jpg>
Package pdftex.def Info: Figures/RawReleased.jpg  used on input line 823.
(pdftex.def)             Requested size: 2529.44385pt x 2198.20715pt.

LaTeX Warning: `h' float specifier changed to `ht'.

<Figures/TotalQuantities.png, id=746, 392.46625pt x 372.39125pt>
File: Figures/TotalQuantities.png Graphic file (type png)
<use Figures/TotalQuantities.png>
Package pdftex.def Info: Figures/TotalQuantities.png  used on input line 832.
(pdftex.def)             Requested size: 242.41745pt x 230.02217pt.



Package fancyhdr Warning: \headheight is too small (11.0pt): 
(fancyhdr)                Make it at least 20.96901pt, for example:
(fancyhdr)                \setlength{\headheight}{20.96901pt}.
(fancyhdr)                You might also make \topmargin smaller to compensate:

(fancyhdr)                \addtolength{\topmargin}{-9.96901pt}.

[23 <./Figures/MPOrganic.jpg> <./Figures/MPOrganicCounting.png> <./Figures/RawS
eparated.jpg>]

<Figures/PartClassArea.png, id=755, 602.25pt x 372.39125pt>
File: Figures/PartClassArea.png Graphic file (type png)
<use Figures/PartClassArea.png>
Package pdftex.def Info: Figures/PartClassArea.png  used on input line 841.
(pdftex.def)             Requested size: 242.41745pt x 149.89711pt.
<Figures/SepFunnel.jpeg, id=756, 1376.0208pt x 1032.0156pt>
File: Figures/SepFunnel.jpeg Graphic file (type jpg)
<use Figures/SepFunnel.jpeg>
Package pdftex.def Info: Figures/SepFunnel.jpeg  used on input line 848.
(pdftex.def)             Requested size: 1376.01744pt x 1032.01308pt.

LaTeX Warning: `h' float specifier changed to `ht'.

<Figures/SedimentBlue.jpeg, id=757, 1376.0208pt x 1032.0156pt>
File: Figures/SedimentBlue.jpeg Graphic file (type jpg)
<use Figures/SedimentBlue.jpeg>
Package pdftex.def Info: Figures/SedimentBlue.jpeg  used on input line 856.
(pdftex.def)             Requested size: 242.41745pt x 181.80222pt.

LaTeX Warning: `h' float specifier changed to `ht'.




Package fancyhdr Warning: \headheight is too small (11.0pt): 
(fancyhdr)                Make it at least 20.96901pt, for example:
(fancyhdr)                \setlength{\headheight}{20.96901pt}.
(fancyhdr)                You might also make \topmargin smaller to compensate:

(fancyhdr)                \addtolength{\topmargin}{-9.96901pt}.

[24 <./Figures/RawReleased.jpg> <./Figures/TotalQuantities.png> <./Figures/Part
ClassArea.png>]
<Figures/ParticleCounting.png, id=766, 424.58624pt x 400.49625pt>
File: Figures/ParticleCounting.png Graphic file (type png)
<use Figures/ParticleCounting.png>
Package pdftex.def Info: Figures/ParticleCounting.png  used on input line 865.
(pdftex.def)             Requested size: 242.41745pt x 228.66412pt.


LaTeX Warning: `h' float specifier changed to `ht'.

<Figures/WashLoadCollection.png, id=768, 751.00575pt x 347.49825pt>
File: Figures/WashLoadCollection.png Graphic file (type png)
<use Figures/WashLoadCollection.png>
Package pdftex.def Info: Figures/WashLoadCollection.png  used on input line 877
.
(pdftex.def)             Requested size: 242.41745pt x 112.16673pt.



LaTeX Warning: `h' float specifier changed to `ht'.


Underfull \vbox (badness 2351) has occurred while \output is active []




Package fancyhdr Warning: \headheight is too small (11.0pt): 
(fancyhdr)                Make it at least 20.96901pt, for example:
(fancyhdr)                \setlength{\headheight}{20.96901pt}.
(fancyhdr)                You might also make \topmargin smaller to compensate:

(fancyhdr)                \addtolength{\topmargin}{-9.96901pt}.

[25 <./Figures/SepFunnel.jpeg> <./Figures/SedimentBlue.jpeg>]
Underfull \vbox (badness 1424) has occurred while \output is active []






Package fancyhdr Warning: \headheight is too small (11.0pt): 
(fancyhdr)                Make it at least 20.96901pt, for example:
(fancyhdr)                \setlength{\headheight}{20.96901pt}.
(fancyhdr)                You might also make \topmargin smaller to compensate:

(fancyhdr)                \addtolength{\topmargin}{-9.96901pt}.

[26 <./Figures/ParticleCounting.png> <./Figures/WashLoadCollection.png>]
(main(postISEF1-shortForPub).bbl




Package fancyhdr Warning: \headheight is too small (11.0pt): 
(fancyhdr)                Make it at least 20.96901pt, for example:
(fancyhdr)                \setlength{\headheight}{20.96901pt}.
(fancyhdr)                You might also make \topmargin smaller to compensate:

(fancyhdr)                \addtolength{\topmargin}{-9.96901pt}.

[27]




Package fancyhdr Warning: \headheight is too small (11.0pt): 
(fancyhdr)                Make it at least 20.96901pt, for example:
(fancyhdr)                \setlength{\headheight}{20.96901pt}.
(fancyhdr)                You might also make \topmargin smaller to compensate:

(fancyhdr)                \addtolength{\topmargin}{-9.96901pt}.

[28]

)


Package fancyhdr Warning: \headheight is too small (11.0pt): 
(fancyhdr)                Make it at least 20.96901pt, for example:
(fancyhdr)                \setlength{\headheight}{20.96901pt}.
(fancyhdr)                You might also make \topmargin smaller to compensate:

(fancyhdr)                \addtolength{\topmargin}{-9.96901pt}.

[29] 
enddocument/afterlastpage: lastpage setting LastPage.
(main(postISEF1-shortForPub).aux)
 ***********
LaTeX2e <2024-06-01> patch level 2
L3 programming layer <2024-08-30>
 ***********
Package rerunfilecheck Info: File `main(postISEF1-shortForPub).out' has not cha
nged.
(rerunfilecheck)             Checksum: 3E327685E16CCE86498248BBC3421BC6;6319.
 ) 
Here is how much of TeX's memory you used:
 24886 strings out of 473898
 436145 string characters out of 5726479
 997056 words of memory out of 5000000
 46681 multiletter control sequences out of 15000+600000
 632994 words of font info for 391 fonts, out of 8000000 for 9000
 1141 hyphenation exceptions out of 8191
 94i,13n,93p,3393b,696s stack positions out of 10000i,1000n,20000p,200000b,200000s
<C:/Users/Owner/AppData/Local/Programs/MiKTeX/fonts/type1/public/amsfonts/cm/
cmmi10.pfb><C:/Users/Owner/AppData/Local/Programs/MiKTeX/fonts/type1/public/ams
fonts/cm/cmsy10.pfb><C:/Users/Owner/AppData/Local/Programs/MiKTeX/fonts/type1/u
rw/helvetic/uhvb8a.pfb><C:/Users/Owner/AppData/Local/Programs/MiKTeX/fonts/type
1/urw/helvetic/uhvr8a.pfb><C:/Users/Owner/AppData/Local/Programs/MiKTeX/fonts/t
ype1/urw/helvetic/uhvro8a.pfb><C:/Users/Owner/AppData/Local/Programs/MiKTeX/fon
ts/type1/urw/symbol/usyr.pfb><C:/Users/Owner/AppData/Local/Programs/MiKTeX/font
s/type1/urw/symbol/usyr.pfb><C:/Users/Owner/AppData/Local/Programs/MiKTeX/fonts
/type1/urw/times/utmb8a.pfb><C:/Users/Owner/AppData/Local/Programs/MiKTeX/fonts
/type1/urw/times/utmr8a.pfb><C:/Users/Owner/AppData/Local/Programs/MiKTeX/fonts
/type1/urw/times/utmri8a.pfb>
Output written on main(postISEF1-shortForPub).pdf (29 pages, 31800636 bytes).
PDF statistics:
 931 PDF objects out of 1000 (max. 8388607)
 265 named destinations out of 1000 (max. 500000)
 115256 words of extra memory for PDF output out of 128383 (max. 10000000)

